Build started 9/28/2012 4:34:26 PM.
     1>Project "C:\Users\Bahram\Documents\School Work\Soph\CPP\hw3\hw3\hw3.vcxproj" on node 2 (Build target(s)).
     1>Link:
         C:\Program Files (x86)\Microsoft Visual Studio 11.0\VC\bin\link.exe /ERRORREPORT:PROMPT /OUT:"C:\Users\Bahram\Documents\School Work\Soph\CPP\hw3\Debug\hw3.exe" /INCREMENTAL /NOLOGO kernel32.lib user32.lib gdi32.lib winspool.lib comdlg32.lib advapi32.lib shell32.lib ole32.lib oleaut32.lib uuid.lib odbc32.lib odbccp32.lib /MANIFEST /MANIFESTUAC:"level='asInvoker' uiAccess='false'" /manifest:embed /DEBUG /PDB:"C:\Users\Bahram\Documents\School Work\Soph\CPP\hw3\Debug\hw3.pdb" /TLBID:1 /DYNAMICBASE /NXCOMPAT /IMPLIB:"C:\Users\Bahram\Documents\School Work\Soph\CPP\hw3\Debug\hw3.lib" /MACHINE:X86 Debug\Source.obj
     1>LINK : fatal error LNK1561: entry point must be defined
     1>Done Building Project "C:\Users\Bahram\Documents\School Work\Soph\CPP\hw3\hw3\hw3.vcxproj" (Build target(s)) -- FAILED.

Build FAILED.

Time Elapsed 00:00:00.07
